<?xml version="1.0" encoding="UTF-8"?>
<!-- Generated by org.testng.reporters.JUnitXMLReporter -->
<testsuite name="Default test" tests="6" failures="0" timestamp="14 May 2015 18:28:35 GMT" time="80.101" errors="0">
  <testcase name="TC1_testBrandStory" time="21.455" classname="com.digitaslbi.PB.BrandStory"/>
  <testcase name="TC1_testPBlogo" time="1.287" classname="com.digitaslbi.PB.Homepage"/>
  <testcase name="TC2_testHeaderNavigationOptions" time="14.332" classname="com.digitaslbi.PB.Homepage"/>
  <testcase name="TC3_testMenuIcon" time="1.685" classname="com.digitaslbi.PB.Homepage"/>
  <testcase name="TC4_testBrandStoryCTA" time="1.663" classname="com.digitaslbi.PB.Homepage"/>
  <testcase name="TC5_testHomepageCategoryNavigation" time="12.691" classname="com.digitaslbi.PB.Homepage"/>
</testsuite> <!-- Default test -->
